TN:
SF:src/database.ts
FNF:0
FNH:0
DA:1,1
DA:3,1
DA:4,1
LF:3
LH:3
BRF:0
BRH:0
end_of_record
TN:
SF:src/repositories/recommendationRepository.ts
FN:5,create
FN:16,findAll
FN:26,getAmountByScore
FN:33,getFindAllFilter
FN:45,find
FN:51,findByName
FN:57,updateScore
FN:66,remove
FNF:8
FNH:2
FNDA:0,create
FNDA:1,findAll
FNDA:0,getAmountByScore
FNDA:1,getFindAllFilter
FNDA:0,find
FNDA:0,findByName
FNDA:0,updateScore
FNDA:0,remove
DA:2,1
DA:6,0
DA:17,1
DA:19,1
DA:27,0
DA:36,1
DA:38,0
DA:40,0
DA:46,0
DA:52,0
DA:58,0
DA:67,0
DA:72,1
LF:13
LH:5
BRDA:36,0,0,1
BRF:1
BRH:1
end_of_record
TN:
SF:src/services/recommendationsService.ts
FN:7,insert
FN:17,upvote
FN:23,downvote
FN:36,getByIdOrFail
FN:43,get
FN:47,getTop
FN:51,getRandom
FN:64,getByScore
FN:77,getScoreFilter
FNF:9
FNH:9
FNDA:2,insert
FNDA:2,upvote
FNDA:3,downvote
FNDA:7,getByIdOrFail
FNDA:1,get
FNDA:1,getTop
FNDA:6,getRandom
FNDA:6,getByScore
FNDA:6,getScoreFilter
DA:2,1
DA:3,1
DA:8,2
DA:11,2
DA:12,1
DA:14,1
DA:18,2
DA:20,1
DA:24,3
DA:26,2
DA:31,2
DA:32,1
DA:37,7
DA:38,7
DA:40,4
DA:44,1
DA:48,1
DA:52,6
DA:53,6
DA:55,6
DA:56,6
DA:57,1
DA:60,5
DA:61,5
DA:65,6
DA:70,6
DA:71,4
DA:74,2
DA:78,6
DA:79,3
DA:82,3
DA:85,1
LF:32
LH:32
BRDA:11,0,0,1
BRDA:31,1,0,1
BRDA:38,2,0,3
BRDA:56,3,0,1
BRDA:70,4,0,4
BRDA:78,5,0,3
BRF:6
BRH:6
end_of_record
TN:
SF:src/utils/errorUtils.ts
FN:7,isAppError
FN:11,errorTypeToStatusCode
FN:19,conflictError
FN:23,notFoundError
FN:27,unauthorizedError
FN:31,wrongSchemaError
FNF:6
FNH:6
FNDA:2,isAppError
FNDA:4,errorTypeToStatusCode
FNDA:3,conflictError
FNDA:9,notFoundError
FNDA:1,unauthorizedError
FNDA:1,wrongSchemaError
DA:7,2
DA:8,2
DA:11,2
DA:12,4
DA:13,3
DA:14,2
DA:15,1
DA:16,0
DA:19,2
DA:20,3
DA:23,2
DA:24,9
DA:27,2
DA:28,1
DA:31,2
DA:32,1
LF:16
LH:15
BRDA:12,0,0,1
BRDA:13,1,0,1
BRDA:14,2,0,1
BRDA:15,3,0,1
BRDA:20,4,0,3
BRDA:20,4,1,0
BRDA:20,5,0,3
BRDA:20,5,1,3
BRDA:24,6,0,0
BRDA:24,6,1,9
BRDA:24,7,0,9
BRDA:24,7,1,9
BRDA:28,8,0,0
BRDA:28,8,1,1
BRDA:28,9,0,1
BRDA:28,9,1,1
BRDA:32,10,0,0
BRDA:32,10,1,1
BRDA:32,11,0,1
BRDA:32,11,1,1
BRF:20
BRH:16
end_of_record
TN:
SF:tests/factories/recommendationFactory.ts
FN:6,buildRecommendation
FN:15,buildRecommendationWithIdAndScore
FN:26,getRandomArray
FN:39,insertManyRecommendations
FN:46,upvoteRecommendations
FN:53,(anonymous_14)
FNF:6
FNH:3
FNDA:2,buildRecommendation
FNDA:32,buildRecommendationWithIdAndScore
FNDA:7,getRandomArray
FNDA:0,insertManyRecommendations
FNDA:0,upvoteRecommendations
FNDA:0,(anonymous_14)
DA:1,1
DA:3,1
DA:7,2
DA:12,2
DA:16,32
DA:23,32
DA:27,7
DA:29,7
DA:30,24
DA:33,24
DA:36,7
DA:40,0
DA:41,0
DA:47,0
DA:52,0
DA:53,0
DA:56,0
DA:69,1
DA:70,1
DA:71,1
DA:72,1
DA:73,1
LF:22
LH:16
BRDA:26,0,0,7
BRDA:26,1,0,7
BRDA:30,2,0,24
BRDA:30,2,1,0
BRF:4
BRH:3
end_of_record
